
> tp-tutor@0.1.0 build
> tsc && vite build

vite v6.4.2 building for production...
transforming...
✓ 2582 modules transformed.
[esbuild css minify]
▲ [WARNING] Unexpected "/" [css-syntax-error]

    <stdin>:2020:50:
      2020 │ s overflow-x hidden for overall layout stability */
           ╵                                                   ^


rendering chunks...
computing gzip size...
dist/index.html                     0.46 kB │ gzip:   0.30 kB
dist/assets/index-BA5Pmm71.css     33.96 kB │ gzip:   7.24 kB
dist/assets/index-1j8-Iueo.js   1,388.85 kB │ gzip: 386.03 kB

(!) Some chunks are larger than 500 kB after minification. Consider:
- Using dynamic import() to code-split the application
- Use build.rollupOptions.output.manualChunks to improve chunking: https://rollupjs.org/configuration-options/#output-manualchunks
- Adjust chunk size limit for this warning via build.chunkSizeWarningLimit.
✓ built in 1m 55s
