vite v6.4.2 building for production...
transforming...
✓ 453 modules transformed.
✗ Build failed in 20.44s
error during build:
src/components/MasteryGrid.tsx (4:7): "default" is not exported by "node_modules/react-virtualized-auto-sizer/dist/react-virtualized-auto-sizer.js", imported by "src/components/MasteryGrid.tsx".
file: /home/anthonyguera/TP-Tutor/src/components/MasteryGrid.tsx:4:7

2: import { useState, useMemo, memo, useCallback } from 'react';
3: import { FixedSizeList as List } from 'react-window';
4: import AutoSizer from 'react-virtualized-auto-sizer';
          ^
5: import { useMasteryStore } from '../store/masteryStore';
6: import VocabCard from './VocabCard';

    at getRollupError (file:///home/anthonyguera/TP-Tutor/node_modules/rollup/dist/es/shared/parseAst.js:406:41)
    at error (file:///home/anthonyguera/TP-Tutor/node_modules/rollup/dist/es/shared/parseAst.js:402:42)
    at Module.error (file:///home/anthonyguera/TP-Tutor/node_modules/rollup/dist/es/shared/node-entry.js:17384:16)
    at Module.traceVariable (file:///home/anthonyguera/TP-Tutor/node_modules/rollup/dist/es/shared/node-entry.js:17817:29)
    at ModuleScope.findVariable (file:///home/anthonyguera/TP-Tutor/node_modules/rollup/dist/es/shared/node-entry.js:15407:39)
    at FunctionScope.findVariable (file:///home/anthonyguera/TP-Tutor/node_modules/rollup/dist/es/shared/node-entry.js:5676:38)
    at FunctionBodyScope.findVariable (file:///home/anthonyguera/TP-Tutor/node_modules/rollup/dist/es/shared/node-entry.js:5676:38)
    at Identifier.bind (file:///home/anthonyguera/TP-Tutor/node_modules/rollup/dist/es/shared/node-entry.js:5450:40)
    at CallExpression.bind (file:///home/anthonyguera/TP-Tutor/node_modules/rollup/dist/es/shared/node-entry.js:2828:28)
    at CallExpression.bind (file:///home/anthonyguera/TP-Tutor/node_modules/rollup/dist/es/shared/node-entry.js:12516:15)
