vite v6.4.2 building for production...
transforming...
✓ 447 modules transformed.
✗ Build failed in 12.76s
error during build:
src/components/MasteryGrid.tsx (3:7): "default" is not exported by "node_modules/react-window/dist/react-window.js", imported by "src/components/MasteryGrid.tsx".
file: /home/anthonyguera/TP-Tutor/src/components/MasteryGrid.tsx:3:7

1: /* src/components/MasteryGrid.tsx */
2: import { useState } from 'react';
3: import ReactWindow from 'react-window';
          ^
4: const List = (ReactWindow as any).FixedSizeList || (ReactWindow as any).default?.FixedSizeList || ReactWindow;
5: import AutoSizerModule from 'react-virtualized-auto-sizer';

    at getRollupError (file:///home/anthonyguera/TP-Tutor/node_modules/rollup/dist/es/shared/parseAst.js:406:41)
    at error (file:///home/anthonyguera/TP-Tutor/node_modules/rollup/dist/es/shared/parseAst.js:402:42)
    at Module.error (file:///home/anthonyguera/TP-Tutor/node_modules/rollup/dist/es/shared/node-entry.js:17384:16)
    at Module.traceVariable (file:///home/anthonyguera/TP-Tutor/node_modules/rollup/dist/es/shared/node-entry.js:17817:29)
    at ModuleScope.findVariable (file:///home/anthonyguera/TP-Tutor/node_modules/rollup/dist/es/shared/node-entry.js:15407:39)
    at MemberExpression.bind (file:///home/anthonyguera/TP-Tutor/node_modules/rollup/dist/es/shared/node-entry.js:7395:49)
    at LogicalExpression.bind (file:///home/anthonyguera/TP-Tutor/node_modules/rollup/dist/es/shared/node-entry.js:2832:23)
    at LogicalExpression.bind (file:///home/anthonyguera/TP-Tutor/node_modules/rollup/dist/es/shared/node-entry.js:2832:23)
    at VariableDeclarator.bind (file:///home/anthonyguera/TP-Tutor/node_modules/rollup/dist/es/shared/node-entry.js:2832:23)
    at VariableDeclaration.bind (file:///home/anthonyguera/TP-Tutor/node_modules/rollup/dist/es/shared/node-entry.js:2828:28)
