0 verbose cli /usr/bin/node /usr/lib/node_modules/npm/bin/npm-cli.js
1 info using npm@10.8.2
2 info using node@v20.20.2
3 silly config load:file:/usr/lib/node_modules/npm/npmrc
4 silly config load:file:/home/anthonyguera/TP-Tutor/.npmrc
5 silly config load:file:/home/anthonyguera/.npmrc
6 silly config load:file:/usr/etc/npmrc
7 verbose title npm exec firebase-tools deploy --only hosting
8 verbose argv "exec" "--" "firebase-tools" "deploy" "--only" "hosting"
9 verbose logfile logs-max:10 dir:/home/anthonyguera/.npm/_logs/2026-04-25T12_04_22_572Z-
10 verbose logfile /home/anthonyguera/.npm/_logs/2026-04-25T12_04_22_572Z-debug-0.log
11 silly logfile start cleaning logs, removing 1 files
12 silly logfile done cleaning log files
13 silly packumentCache heap:2197815296 maxSize:549453824 maxEntrySize:274726912
14 verbose shrinkwrap failed to load node_modules/.package-lock.json out of date, updated: node_modules
15 http fetch GET 200 https://registry.npmjs.org/firebase-tools 305ms (cache revalidated)
16 silly packumentCache heap:2197815296 maxSize:549453824 maxEntrySize:274726912
17 silly packumentCache heap:2197815296 maxSize:549453824 maxEntrySize:274726912
18 verbose cwd /home/anthonyguera/TP-Tutor
19 verbose os Linux 6.6.99-09128-g14e87a8a9b71
20 verbose node v20.20.2
21 verbose npm  v10.8.2
22 verbose exit 0
23 info ok
